<?xml version="1.0" encoding="UTF-8"?>
<!-- Generated by org.testng.reporters.JUnitReportReporter -->
<testsuite skipped="0" hostname="Rasheed-PC" name="MavenJenkinsGitHubInMay.MavenJenkinsGitHubInMay.SampleTest" tests="1" failures="0" timestamp="28 Apr 2019 17:29:08 GMT" time="0.011" errors="0">
  <testcase name="sample" time="0.011" classname="MavenJenkinsGitHubInMay.MavenJenkinsGitHubInMay.SampleTest"/>
</testsuite> <!-- MavenJenkinsGitHubInMay.MavenJenkinsGitHubInMay.SampleTest -->
