<?xml version="1.0" encoding="UTF-8"?>
<!-- Generated by org.testng.reporters.JUnitReportReporter -->
<testsuite skipped="0" hostname="Rasheed-PC" name="MavenJenkinsGitHubInMay.MavenJenkinsGitHubInMay.Sample2" tests="1" failures="0" timestamp="28 Apr 2019 17:46:20 GMT" time="0.024" errors="0">
  <testcase name="Sample2" time="0.024" classname="MavenJenkinsGitHubInMay.MavenJenkinsGitHubInMay.Sample2"/>
</testsuite> <!-- MavenJenkinsGitHubInMay.MavenJenkinsGitHubInMay.Sample2 -->
